<?xml version="1.0" encoding="UTF-8"?>
<!-- Generated by org.testng.reporters.JUnitXMLReporter -->
<testsuite hostname="Rashid-PC" ignored="4" name="CRMPROWebAppTest" tests="1" failures="0" timestamp="08 Sep 2019 10:23:00 GMT" time="17.345" errors="0">
  <testcase name="verifyToClickOnSignUpLink" time="1.782" classname="com.qa.crm.tests.LoginPageTest"/>
  <testcase name="verifyToLoginToCRMPROApp" time="0.0" classname="com.qa.crm.tests.LoginPageTest">
    <ignored/>
  </testcase> <!-- verifyToLoginToCRMPROApp -->
  <testcase name="verifySignUpLinkIsDisplayed" time="0.0" classname="com.qa.crm.tests.LoginPageTest">
    <ignored/>
  </testcase> <!-- verifySignUpLinkIsDisplayed -->
  <testcase name="verifyCRMLogoInLoginScreenTest" time="0.0" classname="com.qa.crm.tests.LoginPageTest">
    <ignored/>
  </testcase> <!-- verifyCRMLogoInLoginScreenTest -->
  <testcase name="verifyLoginPageTitleTest" time="0.0" classname="com.qa.crm.tests.LoginPageTest">
    <ignored/>
  </testcase> <!-- verifyLoginPageTitleTest -->
</testsuite> <!-- CRMPROWebAppTest -->
