<?xml version="1.0" encoding="UTF-8"?>
<!-- Generated by org.testng.reporters.JUnitXMLReporter -->
<testsuite hostname="HIBAIL55565" ignored="0" name="CRMPROWebAppTest" tests="2" failures="0" timestamp="10 Sep 2019 10:05:50 GMT" time="36.927" errors="0">
  <testcase name="validateRegisterNewUserWithFreeEditionTest" time="3.616" classname="com.qa.crm.tests.SignUpPageTest"/>
  <testcase name="validateRegisterNewUserWithFreeEditionTest" time="4.515" classname="com.qa.crm.tests.SignUpPageTest"/>
</testsuite> <!-- CRMPROWebAppTest -->
