<?xml version="1.0" encoding="UTF-8"?>
<testsuite name="TestSuite" time="13.528" tests="5" errors="0" skipped="0" failures="0">
  <properties>
[...]
</properties>
  <testcase name="verifyCRMLogoInLoginScreenTest" classname="com.qa.crm.tests.LoginPageTest" time="0.174"/>
  <testcase name="verifyLoginPageTitleTest" classname="com.qa.crm.tests.LoginPageTest" time="0.01"/>
  <testcase name="verifyToLoginToCRMPROApp" classname="com.qa.crm.tests.LoginPageTest" time="11.063"/>
  <testcase name="verifySignUpLinkIsDisplayed" classname="com.qa.crm.tests.LoginPageTest" time="0.149"/>
  <testcase name="verifyToClickOnSignUpLink" classname="com.qa.crm.tests.LoginPageTest" time="2.132"/>
</testsuite>