<?xml version="1.0" encoding="UTF-8"?>
<testng-results skipped="0" failed="0" ignored="0" total="2" passed="2">
  <reporter-output>
    <line>
      <![CDATA[Chrome browser invoked]]>
    </line>
    <line>
      <![CDATA[Sign up link is displayed]]>
    </line>
    <line>
      <![CDATA[Closed the browser]]>
    </line>
    <line>
      <![CDATA[Chrome browser invoked]]>
    </line>
    <line>
      <![CDATA[Sign up link is displayed]]>
    </line>
    <line>
      <![CDATA[Closed the browser]]>
    </line>
  </reporter-output>
  <suite name="CRMPROWebAppAutomationSuite" duration-ms="36927" started-at="2019-09-10T10:05:13Z" finished-at="2019-09-10T10:05:50Z">
    <groups>
    </groups>
    <test name="CRMPROWebAppTest" duration-ms="36927" started-at="2019-09-10T10:05:13Z" finished-at="2019-09-10T10:05:50Z">
      <class name="com.qa.crm.tests.SignUpPageTest">
        <test-method status="PASS" signature="preCondition()[pri:0, instance:com.qa.crm.tests.SignUpPageTest@d8355a8]" name="preCondition" is-config="true" duration-ms="14268" started-at="2019-09-10T15:35:14Z" finished-at="2019-09-10T15:35:28Z">
          <reporter-output>
            <line>
              <![CDATA[Chrome browser invoked]]>
            </line>
          </reporter-output>
        </test-method> <!-- preCondition -->
        <test-method status="PASS" signature="validateRegisterNewUserWithFreeEditionTest(java.lang.String, java.lang.String, java.lang.String, java.lang.String, java.lang.String, java.lang.String)[pri:0, instance:com.qa.crm.tests.SignUpPageTest@d8355a8]" name="validateRegisterNewUserWithFreeEditionTest" duration-ms="3616" started-at="2019-09-10T15:35:28Z" data-provider="getCRMPRORegisterUserTestData" finished-at="2019-09-10T15:35:32Z">
          <params>
            <param index="0">
              <value>
                <![CDATA[Daniel]]>
              </value>
            </param>
            <param index="1">
              <value>
                <![CDATA[Bryan]]>
              </value>
            </param>
            <param index="2">
              <value>
                <![CDATA[danielbryan123@gmail.com]]>
              </value>
            </param>
            <param index="3">
              <value>
                <![CDATA[danielbryan123@gmail.com]]>
              </value>
            </param>
            <param index="4">
              <value>
                <![CDATA[daniel123]]>
              </value>
            </param>
            <param index="5">
              <value>
                <![CDATA[daniel123]]>
              </value>
            </param>
          </params>
          <reporter-output>
            <line>
              <![CDATA[Sign up link is displayed]]>
            </line>
          </reporter-output>
        </test-method> <!-- validateRegisterNewUserWithFreeEditionTest -->
        <test-method status="PASS" signature="tearDown()[pri:0, instance:com.qa.crm.tests.SignUpPageTest@d8355a8]" name="tearDown" is-config="true" duration-ms="969" started-at="2019-09-10T15:35:32Z" finished-at="2019-09-10T15:35:33Z">
          <reporter-output>
            <line>
              <![CDATA[Closed the browser]]>
            </line>
          </reporter-output>
        </test-method> <!-- tearDown -->
        <test-method status="PASS" signature="preCondition()[pri:0, instance:com.qa.crm.tests.SignUpPageTest@d8355a8]" name="preCondition" is-config="true" duration-ms="11832" started-at="2019-09-10T15:35:33Z" finished-at="2019-09-10T15:35:44Z">
          <reporter-output>
            <line>
              <![CDATA[Chrome browser invoked]]>
            </line>
          </reporter-output>
        </test-method> <!-- preCondition -->
        <test-method status="PASS" signature="validateRegisterNewUserWithFreeEditionTest(java.lang.String, java.lang.String, java.lang.String, java.lang.String, java.lang.String, java.lang.String)[pri:0, instance:com.qa.crm.tests.SignUpPageTest@d8355a8]" name="validateRegisterNewUserWithFreeEditionTest" duration-ms="4515" started-at="2019-09-10T15:35:44Z" data-provider="getCRMPRORegisterUserTestData" finished-at="2019-09-10T15:35:49Z">
          <params>
            <param index="0">
              <value>
                <![CDATA[Brock]]>
              </value>
            </param>
            <param index="1">
              <value>
                <![CDATA[Lesner]]>
              </value>
            </param>
            <param index="2">
              <value>
                <![CDATA[brocklesner123@gmail.com]]>
              </value>
            </param>
            <param index="3">
              <value>
                <![CDATA[brocklesner123@gmail.com]]>
              </value>
            </param>
            <param index="4">
              <value>
                <![CDATA[brocklesner123]]>
              </value>
            </param>
            <param index="5">
              <value>
                <![CDATA[brocklesner123]]>
              </value>
            </param>
          </params>
          <reporter-output>
            <line>
              <![CDATA[Sign up link is displayed]]>
            </line>
          </reporter-output>
        </test-method> <!-- validateRegisterNewUserWithFreeEditionTest -->
        <test-method status="PASS" signature="tearDown()[pri:0, instance:com.qa.crm.tests.SignUpPageTest@d8355a8]" name="tearDown" is-config="true" duration-ms="973" started-at="2019-09-10T15:35:49Z" finished-at="2019-09-10T15:35:50Z">
          <reporter-output>
            <line>
              <![CDATA[Closed the browser]]>
            </line>
          </reporter-output>
        </test-method> <!-- tearDown -->
      </class> <!-- com.qa.crm.tests.SignUpPageTest -->
    </test> <!-- CRMPROWebAppTest -->
  </suite> <!-- CRMPROWebAppAutomationSuite -->
</testng-results>
