<?xml version="1.0" encoding="UTF-8"?>
<testng-results skipped="0" failed="0" ignored="4" total="5" passed="1">
  <reporter-output>
    <line>
      <![CDATA[Chrome browser invoked]]>
    </line>
    <line>
      <![CDATA[Closed the browser]]>
    </line>
  </reporter-output>
  <suite name="CRMPROWebAppAutomationSuite" duration-ms="17345" started-at="2019-09-08T10:22:42Z" finished-at="2019-09-08T10:23:00Z">
    <groups>
    </groups>
    <test name="CRMPROWebAppTest" duration-ms="17345" started-at="2019-09-08T10:22:42Z" finished-at="2019-09-08T10:23:00Z">
      <class name="com.qa.crm.tests.LoginPageTest">
        <test-method status="PASS" signature="setUp()[pri:0, instance:com.qa.crm.tests.LoginPageTest@46d56d67]" name="setUp" is-config="true" duration-ms="14690" started-at="2019-09-08T15:52:42Z" finished-at="2019-09-08T15:52:57Z">
          <reporter-output>
            <line>
              <![CDATA[Chrome browser invoked]]>
            </line>
          </reporter-output>
        </test-method> <!-- setUp -->
        <test-method status="PASS" signature="verifyToClickOnSignUpLink()[pri:5, instance:com.qa.crm.tests.LoginPageTest@46d56d67]" name="verifyToClickOnSignUpLink" duration-ms="1782" started-at="2019-09-08T15:52:57Z" finished-at="2019-09-08T15:52:59Z">
          <reporter-output>
          </reporter-output>
        </test-method> <!-- verifyToClickOnSignUpLink -->
        <test-method status="PASS" signature="tearDown()[pri:0, instance:com.qa.crm.tests.LoginPageTest@46d56d67]" name="tearDown" is-config="true" duration-ms="821" started-at="2019-09-08T15:52:59Z" finished-at="2019-09-08T15:53:00Z">
          <reporter-output>
            <line>
              <![CDATA[Closed the browser]]>
            </line>
          </reporter-output>
        </test-method> <!-- tearDown -->
      </class> <!-- com.qa.crm.tests.LoginPageTest -->
    </test> <!-- CRMPROWebAppTest -->
  </suite> <!-- CRMPROWebAppAutomationSuite -->
</testng-results>
