<?xml version="1.0" encoding="UTF-8"?>
<!-- Generated by org.testng.reporters.JUnitXMLReporter -->
<testsuite hostname="Rashid-PC" ignored="0" name="CRMPROWebAppTest" tests="5" failures="0" timestamp="08 Sep 2019 13:53:55 GMT" time="108.137" errors="0">
  <testcase name="verifyCRMLogoInLoginScreenTest" time="0.174" classname="com.qa.crm.tests.LoginPageTest"/>
  <testcase name="verifyLoginPageTitleTest" time="0.012" classname="com.qa.crm.tests.LoginPageTest"/>
  <testcase name="verifyToLoginToCRMPROApp" time="11.064" classname="com.qa.crm.tests.LoginPageTest"/>
  <testcase name="verifySignUpLinkIsDisplayed" time="0.149" classname="com.qa.crm.tests.LoginPageTest"/>
  <testcase name="verifyToClickOnSignUpLink" time="2.134" classname="com.qa.crm.tests.LoginPageTest"/>
</testsuite> <!-- CRMPROWebAppTest -->
